# JRE version: OpenJDK Runtime Environment (21.0.8) (build 21.0.8+-14196175-b1038.72)
# Java VM: OpenJDK 64-Bit Server VM (21.0.8+-14196175-b1038.72, mixed mode, tiered, compressed oops, compressed class ptrs, g1 gc, windows-amd64)
GC Precious Log:
 CardTable entry size: 512
 Card Set container configuration: InlinePtr #cards 5 size 8 Array Of Cards #cards 12 size 40 Howl #buckets 4 coarsen threshold 1843 Howl Bitmap #cards 512 size 80 coarsen threshold 460 Card regions per heap region 1 cards per card region 2048
 CPUs: 16 total, 16 available
 Memory: 16114M
 Large Page Support: Disabled
 NUMA Support: Disabled
 Compressed Oops: Enabled (32-bit)
 Heap Region Size: 1M
 Heap Min Capacity: 8M
 Heap Initial Capacity: 252M
 Heap Max Capacity: 2G
 Pre-touch: Disabled
 Parallel Workers: 13
 Concurrent Workers: 3
 Concurrent Refinement Workers: 13
 Periodic GC: Disabled
Heap:
 garbage-first heap   total 312320K, used 219455K [0x0000000080000000, 0x0000000100000000)
  region size 1024K, 14 young (14336K), 1 survivors (1024K)
 Metaspace       used 136302K, committed 138560K, reserved 1179648K
  class space    used 18432K, committed 19520K, reserved 1048576K
GC Heap History (20 events):
Event: 16.688 GC heap before
{Heap before GC invocations=46 (full 0):
 garbage-first heap   total 189440K, used 170407K [0x0000000080000000, 0x0000000100000000)
  region size 1024K, 59 young (60416K), 7 survivors (7168K)
 Metaspace       used 123987K, committed 126208K, reserved 1179648K
  class space    used 16874K, committed 17920K, reserved 1048576K
}
Event: 16.694 GC heap after
{Heap after GC invocations=47 (full 0):
 garbage-first heap   total 189440K, used 120525K [0x0000000080000000, 0x0000000100000000)
  region size 1024K, 5 young (5120K), 5 survivors (5120K)
 Metaspace       used 123987K, committed 126208K, reserved 1179648K
  class space    used 16874K, committed 17920K, reserved 1048576K
}
Event: 17.121 GC heap before
{Heap before GC invocations=47 (full 0):
 garbage-first heap   total 189440K, used 172749K [0x0000000080000000, 0x0000000100000000)
  region size 1024K, 56 young (57344K), 5 survivors (5120K)
 Metaspace       used 128431K, committed 130624K, reserved 1179648K
  class space    used 17496K, committed 18560K, reserved 1048576K
}
Event: 17.125 GC heap after
{Heap after GC invocations=48 (full 0):
 garbage-first heap   total 189440K, used 124179K [0x0000000080000000, 0x0000000100000000)
  region size 1024K, 4 young (4096K), 4 survivors (4096K)
 Metaspace       used 128431K, committed 130624K, reserved 1179648K
  class space    used 17496K, committed 18560K, reserved 1048576K
}
Event: 17.409 GC heap before
{Heap before GC invocations=49 (full 0):
 garbage-first heap   total 208896K, used 173331K [0x0000000080000000, 0x0000000100000000)
  region size 1024K, 52 young (53248K), 4 survivors (4096K)
 Metaspace       used 129269K, committed 131520K, reserved 1179648K
  class space    used 17612K, committed 18688K, reserved 1048576K
}
Event: 17.414 GC heap after
{Heap after GC invocations=50 (full 0):
 garbage-first heap   total 208896K, used 130773K [0x0000000080000000, 0x0000000100000000)
  region size 1024K, 7 young (7168K), 7 survivors (7168K)
 Metaspace       used 129269K, committed 131520K, reserved 1179648K
  class space    used 17612K, committed 18688K, reserved 1048576K
}
Event: 17.785 GC heap before
{Heap before GC invocations=50 (full 0):
 garbage-first heap   total 208896K, used 189141K [0x0000000080000000, 0x0000000100000000)
  region size 1024K, 65 young (66560K), 7 survivors (7168K)
 Metaspace       used 130169K, committed 132352K, reserved 1179648K
  class space    used 17720K, committed 18752K, reserved 1048576K
}
Event: 17.793 GC heap after
{Heap after GC invocations=51 (full 0):
 garbage-first heap   total 209920K, used 136653K [0x0000000080000000, 0x0000000100000000)
  region size 1024K, 9 young (9216K), 9 survivors (9216K)
 Metaspace       used 130169K, committed 132352K, reserved 1179648K
  class space    used 17720K, committed 18752K, reserved 1048576K
}
Event: 17.882 GC heap before
{Heap before GC invocations=51 (full 0):
 garbage-first heap   total 209920K, used 187853K [0x0000000080000000, 0x0000000100000000)
  region size 1024K, 60 young (61440K), 9 survivors (9216K)
 Metaspace       used 130172K, committed 132352K, reserved 1179648K
  class space    used 17720K, committed 18752K, reserved 1048576K
}
Event: 17.887 GC heap after
{Heap after GC invocations=52 (full 0):
 garbage-first heap   total 209920K, used 141193K [0x0000000080000000, 0x0000000100000000)
  region size 1024K, 4 young (4096K), 4 survivors (4096K)
 Metaspace       used 130172K, committed 132352K, reserved 1179648K
  class space    used 17720K, committed 18752K, reserved 1048576K
}
Event: 18.138 GC heap before
{Heap before GC invocations=53 (full 0):
 garbage-first heap   total 235520K, used 192393K [0x0000000080000000, 0x0000000100000000)
  region size 1024K, 55 young (56320K), 4 survivors (4096K)
 Metaspace       used 131054K, committed 133376K, reserved 1179648K
  class space    used 17898K, committed 19072K, reserved 1048576K
}
Event: 18.141 GC heap after
{Heap after GC invocations=54 (full 0):
 garbage-first heap   total 235520K, used 142998K [0x0000000080000000, 0x0000000100000000)
  region size 1024K, 6 young (6144K), 6 survivors (6144K)
 Metaspace       used 131054K, committed 133376K, reserved 1179648K
  class space    used 17898K, committed 19072K, reserved 1048576K
}
Event: 18.845 GC heap before
{Heap before GC invocations=54 (full 0):
 garbage-first heap   total 235520K, used 222870K [0x0000000080000000, 0x0000000100000000)
  region size 1024K, 76 young (77824K), 6 survivors (6144K)
 Metaspace       used 132966K, committed 135232K, reserved 1179648K
  class space    used 18056K, committed 19136K, reserved 1048576K
}
Event: 18.861 GC heap after
{Heap after GC invocations=55 (full 0):
 garbage-first heap   total 260096K, used 168959K [0x0000000080000000, 0x0000000100000000)
  region size 1024K, 10 young (10240K), 10 survivors (10240K)
 Metaspace       used 132966K, committed 135232K, reserved 1179648K
  class space    used 18056K, committed 19136K, reserved 1048576K
}
Event: 19.078 GC heap before
{Heap before GC invocations=55 (full 0):
 garbage-first heap   total 260096K, used 192511K [0x0000000080000000, 0x0000000100000000)
  region size 1024K, 34 young (34816K), 10 survivors (10240K)
 Metaspace       used 133411K, committed 135680K, reserved 1179648K
  class space    used 18104K, committed 19200K, reserved 1048576K
}
Event: 19.085 GC heap after
{Heap after GC invocations=56 (full 0):
 garbage-first heap   total 312320K, used 176541K [0x0000000080000000, 0x0000000100000000)
  region size 1024K, 7 young (7168K), 7 survivors (7168K)
 Metaspace       used 133411K, committed 135680K, reserved 1179648K
  class space    used 18104K, committed 19200K, reserved 1048576K
}
Event: 19.731 GC heap before
{Heap before GC invocations=56 (full 0):
 garbage-first heap   total 312320K, used 260509K [0x0000000080000000, 0x0000000100000000)
  region size 1024K, 77 young (78848K), 7 survivors (7168K)
 Metaspace       used 136008K, committed 138304K, reserved 1179648K
  class space    used 18410K, committed 19520K, reserved 1048576K
}
Event: 19.739 GC heap after
{Heap after GC invocations=57 (full 0):
 garbage-first heap   total 312320K, used 191488K [0x0000000080000000, 0x0000000100000000)
  region size 1024K, 10 young (10240K), 10 survivors (10240K)
 Metaspace       used 136008K, committed 138304K, reserved 1179648K
  class space    used 18410K, committed 19520K, reserved 1048576K
}
Event: 19.750 GC heap before
{Heap before GC invocations=57 (full 0):
 garbage-first heap   total 312320K, used 199680K [0x0000000080000000, 0x0000000100000000)
  region size 1024K, 11 young (11264K), 10 survivors (10240K)
 Metaspace       used 136008K, committed 138304K, reserved 1179648K
  class space    used 18410K, committed 19520K, reserved 1048576K
}
Event: 19.754 GC heap after
{Heap after GC invocations=58 (full 0):
 garbage-first heap   total 312320K, used 196927K [0x0000000080000000, 0x0000000100000000)
  region size 1024K, 1 young (1024K), 1 survivors (1024K)
 Metaspace       used 136008K, committed 138304K, reserved 1179648K
  class space    used 18410K, committed 19520K, reserved 1048576K
}

