# JRE version: OpenJDK Runtime Environment (21.0.8) (build 21.0.8+-14196175-b1038.72)
# Java VM: OpenJDK 64-Bit Server VM (21.0.8+-14196175-b1038.72, mixed mode, tiered, compressed oops, compressed class ptrs, g1 gc, windows-amd64)
GC Precious Log:
 CardTable entry size: 512
 Card Set container configuration: InlinePtr #cards 5 size 8 Array Of Cards #cards 12 size 40 Howl #buckets 4 coarsen threshold 1843 Howl Bitmap #cards 512 size 80 coarsen threshold 460 Card regions per heap region 1 cards per card region 2048
 CPUs: 16 total, 16 available
 Memory: 16114M
 Large Page Support: Disabled
 NUMA Support: Disabled
 Compressed Oops: Enabled (32-bit)
 Heap Region Size: 1M
 Heap Min Capacity: 8M
 Heap Initial Capacity: 252M
 Heap Max Capacity: 2G
 Pre-touch: Disabled
 Parallel Workers: 13
 Concurrent Workers: 3
 Concurrent Refinement Workers: 13
 Periodic GC: Disabled
Heap:
 garbage-first heap   total 319488K, used 216406K [0x0000000080000000, 0x0000000100000000)
  region size 1024K, 77 young (78848K), 5 survivors (5120K)
 Metaspace       used 129300K, committed 131648K, reserved 1179648K
  class space    used 17912K, committed 19072K, reserved 1048576K
GC Heap History (20 events):
Event: 10.230 GC heap before
{Heap before GC invocations=41 (full 0):
 garbage-first heap   total 181248K, used 157471K [0x0000000080000000, 0x0000000100000000)
  region size 1024K, 56 young (57344K), 7 survivors (7168K)
 Metaspace       used 117526K, committed 119680K, reserved 1179648K
  class space    used 16469K, committed 17536K, reserved 1048576K
}
Event: 10.235 GC heap after
{Heap after GC invocations=42 (full 0):
 garbage-first heap   total 181248K, used 110900K [0x0000000080000000, 0x0000000100000000)
  region size 1024K, 7 young (7168K), 7 survivors (7168K)
 Metaspace       used 117526K, committed 119680K, reserved 1179648K
  class space    used 16469K, committed 17536K, reserved 1048576K
}
Event: 10.474 GC heap before
{Heap before GC invocations=42 (full 0):
 garbage-first heap   total 181248K, used 162100K [0x0000000080000000, 0x0000000100000000)
  region size 1024K, 57 young (58368K), 7 survivors (7168K)
 Metaspace       used 118145K, committed 120320K, reserved 1179648K
  class space    used 16547K, committed 17600K, reserved 1048576K
}
Event: 10.482 GC heap after
{Heap after GC invocations=43 (full 0):
 garbage-first heap   total 181248K, used 117760K [0x0000000080000000, 0x0000000100000000)
  region size 1024K, 8 young (8192K), 8 survivors (8192K)
 Metaspace       used 118145K, committed 120320K, reserved 1179648K
  class space    used 16547K, committed 17600K, reserved 1048576K
}
Event: 10.717 GC heap before
{Heap before GC invocations=43 (full 0):
 garbage-first heap   total 181248K, used 144384K [0x0000000080000000, 0x0000000100000000)
  region size 1024K, 36 young (36864K), 8 survivors (8192K)
 Metaspace       used 119572K, committed 121792K, reserved 1179648K
  class space    used 16640K, committed 17728K, reserved 1048576K
}
Event: 10.723 GC heap after
{Heap after GC invocations=44 (full 0):
 garbage-first heap   total 218112K, used 124988K [0x0000000080000000, 0x0000000100000000)
  region size 1024K, 7 young (7168K), 7 survivors (7168K)
 Metaspace       used 119572K, committed 121792K, reserved 1179648K
  class space    used 16640K, committed 17728K, reserved 1048576K
}
Event: 11.226 GC heap before
{Heap before GC invocations=45 (full 0):
 garbage-first heap   total 219136K, used 195644K [0x0000000080000000, 0x0000000100000000)
  region size 1024K, 72 young (73728K), 7 survivors (7168K)
 Metaspace       used 123041K, committed 125248K, reserved 1179648K
  class space    used 17029K, committed 18112K, reserved 1048576K
}
Event: 11.233 GC heap after
{Heap after GC invocations=46 (full 0):
 garbage-first heap   total 219136K, used 132413K [0x0000000080000000, 0x0000000100000000)
  region size 1024K, 8 young (8192K), 8 survivors (8192K)
 Metaspace       used 123041K, committed 125248K, reserved 1179648K
  class space    used 17029K, committed 18112K, reserved 1048576K
}
Event: 11.336 GC heap before
{Heap before GC invocations=46 (full 0):
 garbage-first heap   total 219136K, used 194877K [0x0000000080000000, 0x0000000100000000)
  region size 1024K, 69 young (70656K), 8 survivors (8192K)
 Metaspace       used 123062K, committed 125248K, reserved 1179648K
  class space    used 17029K, committed 18112K, reserved 1048576K
}
Event: 11.340 GC heap after
{Heap after GC invocations=47 (full 0):
 garbage-first heap   total 219136K, used 133643K [0x0000000080000000, 0x0000000100000000)
  region size 1024K, 4 young (4096K), 4 survivors (4096K)
 Metaspace       used 123062K, committed 125248K, reserved 1179648K
  class space    used 17029K, committed 18112K, reserved 1048576K
}
Event: 11.533 GC heap before
{Heap before GC invocations=47 (full 0):
 garbage-first heap   total 219136K, used 196107K [0x0000000080000000, 0x0000000100000000)
  region size 1024K, 66 young (67584K), 4 survivors (4096K)
 Metaspace       used 123633K, committed 125888K, reserved 1179648K
  class space    used 17143K, committed 18240K, reserved 1048576K
}
Event: 11.537 GC heap after
{Heap after GC invocations=48 (full 0):
 garbage-first heap   total 219136K, used 136208K [0x0000000080000000, 0x0000000100000000)
  region size 1024K, 7 young (7168K), 7 survivors (7168K)
 Metaspace       used 123633K, committed 125888K, reserved 1179648K
  class space    used 17143K, committed 18240K, reserved 1048576K
}
Event: 11.723 GC heap before
{Heap before GC invocations=49 (full 0):
 garbage-first heap   total 229376K, used 197648K [0x0000000080000000, 0x0000000100000000)
  region size 1024K, 68 young (69632K), 7 survivors (7168K)
 Metaspace       used 123743K, committed 125952K, reserved 1179648K
  class space    used 17154K, committed 18240K, reserved 1048576K
}
Event: 11.728 GC heap after
{Heap after GC invocations=50 (full 0):
 garbage-first heap   total 229376K, used 138863K [0x0000000080000000, 0x0000000100000000)
  region size 1024K, 5 young (5120K), 5 survivors (5120K)
 Metaspace       used 123743K, committed 125952K, reserved 1179648K
  class space    used 17154K, committed 18240K, reserved 1048576K
}
Event: 11.983 GC heap before
{Heap before GC invocations=50 (full 0):
 garbage-first heap   total 229376K, used 210543K [0x0000000080000000, 0x0000000100000000)
  region size 1024K, 75 young (76800K), 5 survivors (5120K)
 Metaspace       used 123986K, committed 126208K, reserved 1179648K
  class space    used 17187K, committed 18304K, reserved 1048576K
}
Event: 11.988 GC heap after
{Heap after GC invocations=51 (full 0):
 garbage-first heap   total 229376K, used 138442K [0x0000000080000000, 0x0000000100000000)
  region size 1024K, 7 young (7168K), 7 survivors (7168K)
 Metaspace       used 123986K, committed 126208K, reserved 1179648K
  class space    used 17187K, committed 18304K, reserved 1048576K
}
Event: 12.356 GC heap before
{Heap before GC invocations=51 (full 0):
 garbage-first heap   total 229376K, used 208074K [0x0000000080000000, 0x0000000100000000)
  region size 1024K, 76 young (77824K), 7 survivors (7168K)
 Metaspace       used 127436K, committed 129728K, reserved 1179648K
  class space    used 17617K, committed 18752K, reserved 1048576K
}
Event: 12.362 GC heap after
{Heap after GC invocations=52 (full 0):
 garbage-first heap   total 229376K, used 142689K [0x0000000080000000, 0x0000000100000000)
  region size 1024K, 9 young (9216K), 9 survivors (9216K)
 Metaspace       used 127436K, committed 129728K, reserved 1179648K
  class space    used 17617K, committed 18752K, reserved 1048576K
}
Event: 12.459 GC heap before
{Heap before GC invocations=52 (full 0):
 garbage-first heap   total 239616K, used 206177K [0x0000000080000000, 0x0000000100000000)
  region size 1024K, 72 young (73728K), 9 survivors (9216K)
 Metaspace       used 128188K, committed 130496K, reserved 1179648K
  class space    used 17739K, committed 18880K, reserved 1048576K
}
Event: 12.465 GC heap after
{Heap after GC invocations=53 (full 0):
 garbage-first heap   total 319488K, used 144726K [0x0000000080000000, 0x0000000100000000)
  region size 1024K, 5 young (5120K), 5 survivors (5120K)
 Metaspace       used 128188K, committed 130496K, reserved 1179648K
  class space    used 17739K, committed 18880K, reserved 1048576K
}

