# JRE version: OpenJDK Runtime Environment (21.0.8) (build 21.0.8+-14196175-b1038.72)
# Java VM: OpenJDK 64-Bit Server VM (21.0.8+-14196175-b1038.72, mixed mode, tiered, compressed oops, compressed class ptrs, g1 gc, windows-amd64)
GC Precious Log:
 CardTable entry size: 512
 Card Set container configuration: InlinePtr #cards 5 size 8 Array Of Cards #cards 12 size 40 Howl #buckets 4 coarsen threshold 1843 Howl Bitmap #cards 512 size 80 coarsen threshold 460 Card regions per heap region 1 cards per card region 2048
 CPUs: 16 total, 16 available
 Memory: 16114M
 Large Page Support: Disabled
 NUMA Support: Disabled
 Compressed Oops: Enabled (32-bit)
 Heap Region Size: 1M
 Heap Min Capacity: 8M
 Heap Initial Capacity: 252M
 Heap Max Capacity: 2G
 Pre-touch: Disabled
 Parallel Workers: 13
 Concurrent Workers: 3
 Concurrent Refinement Workers: 13
 Periodic GC: Disabled
Heap:
 garbage-first heap   total 264192K, used 138641K [0x0000000080000000, 0x0000000100000000)
  region size 1024K, 5 young (5120K), 5 survivors (5120K)
 Metaspace       used 123795K, committed 126016K, reserved 1179648K
  class space    used 17157K, committed 18240K, reserved 1048576K
GC Heap History (20 events):
Event: 8.663 GC heap after
{Heap after GC invocations=41 (full 0):
 garbage-first heap   total 158720K, used 100409K [0x0000000080000000, 0x0000000100000000)
  region size 1024K, 7 young (7168K), 7 survivors (7168K)
 Metaspace       used 97302K, committed 99264K, reserved 1179648K
  class space    used 13390K, committed 14336K, reserved 1048576K
}
Event: 8.958 GC heap before
{Heap before GC invocations=41 (full 0):
 garbage-first heap   total 158720K, used 141369K [0x0000000080000000, 0x0000000100000000)
  region size 1024K, 47 young (48128K), 7 survivors (7168K)
 Metaspace       used 100531K, committed 102592K, reserved 1179648K
  class space    used 13840K, committed 14848K, reserved 1048576K
}
Event: 8.963 GC heap after
{Heap after GC invocations=42 (full 0):
 garbage-first heap   total 190464K, used 102256K [0x0000000080000000, 0x0000000100000000)
  region size 1024K, 3 young (3072K), 3 survivors (3072K)
 Metaspace       used 100531K, committed 102592K, reserved 1179648K
  class space    used 13840K, committed 14848K, reserved 1048576K
}
Event: 9.556 GC heap before
{Heap before GC invocations=43 (full 0):
 garbage-first heap   total 190464K, used 166768K [0x0000000080000000, 0x0000000100000000)
  region size 1024K, 65 young (66560K), 3 survivors (3072K)
 Metaspace       used 105620K, committed 107648K, reserved 1179648K
  class space    used 14718K, committed 15744K, reserved 1048576K
}
Event: 9.558 GC heap after
{Heap after GC invocations=44 (full 0):
 garbage-first heap   total 190464K, used 104172K [0x0000000080000000, 0x0000000100000000)
  region size 1024K, 5 young (5120K), 5 survivors (5120K)
 Metaspace       used 105620K, committed 107648K, reserved 1179648K
  class space    used 14718K, committed 15744K, reserved 1048576K
}
Event: 10.145 GC heap before
{Heap before GC invocations=44 (full 0):
 garbage-first heap   total 190464K, used 169708K [0x0000000080000000, 0x0000000100000000)
  region size 1024K, 69 young (70656K), 5 survivors (5120K)
 Metaspace       used 110640K, committed 112832K, reserved 1179648K
  class space    used 15434K, committed 16512K, reserved 1048576K
}
Event: 10.150 GC heap after
{Heap after GC invocations=45 (full 0):
 garbage-first heap   total 190464K, used 106328K [0x0000000080000000, 0x0000000100000000)
  region size 1024K, 8 young (8192K), 8 survivors (8192K)
 Metaspace       used 110640K, committed 112832K, reserved 1179648K
  class space    used 15434K, committed 16512K, reserved 1048576K
}
Event: 10.772 GC heap before
{Heap before GC invocations=45 (full 0):
 garbage-first heap   total 190464K, used 170840K [0x0000000080000000, 0x0000000100000000)
  region size 1024K, 71 young (72704K), 8 survivors (8192K)
 Metaspace       used 116418K, committed 118656K, reserved 1179648K
  class space    used 16266K, committed 17344K, reserved 1048576K
}
Event: 10.778 GC heap after
{Heap after GC invocations=46 (full 0):
 garbage-first heap   total 190464K, used 109811K [0x0000000080000000, 0x0000000100000000)
  region size 1024K, 7 young (7168K), 7 survivors (7168K)
 Metaspace       used 116418K, committed 118656K, reserved 1179648K
  class space    used 16266K, committed 17344K, reserved 1048576K
}
Event: 11.196 GC heap before
{Heap before GC invocations=47 (full 0):
 garbage-first heap   total 190464K, used 172275K [0x0000000080000000, 0x0000000100000000)
  region size 1024K, 68 young (69632K), 7 survivors (7168K)
 Metaspace       used 118152K, committed 120320K, reserved 1179648K
  class space    used 16557K, committed 17600K, reserved 1048576K
}
Event: 11.202 GC heap after
{Heap after GC invocations=48 (full 0):
 garbage-first heap   total 190464K, used 116309K [0x0000000080000000, 0x0000000100000000)
  region size 1024K, 9 young (9216K), 9 survivors (9216K)
 Metaspace       used 118152K, committed 120320K, reserved 1179648K
  class space    used 16557K, committed 17600K, reserved 1048576K
}
Event: 11.625 GC heap before
{Heap before GC invocations=48 (full 0):
 garbage-first heap   total 190464K, used 174677K [0x0000000080000000, 0x0000000100000000)
  region size 1024K, 62 young (63488K), 9 survivors (9216K)
 Metaspace       used 121270K, committed 123456K, reserved 1179648K
  class space    used 16772K, committed 17856K, reserved 1048576K
}
Event: 11.633 GC heap after
{Heap after GC invocations=49 (full 0):
 garbage-first heap   total 196608K, used 124745K [0x0000000080000000, 0x0000000100000000)
  region size 1024K, 8 young (8192K), 8 survivors (8192K)
 Metaspace       used 121270K, committed 123456K, reserved 1179648K
  class space    used 16772K, committed 17856K, reserved 1048576K
}
Event: 12.096 GC heap before
{Heap before GC invocations=49 (full 0):
 garbage-first heap   total 196608K, used 175945K [0x0000000080000000, 0x0000000100000000)
  region size 1024K, 59 young (60416K), 8 survivors (8192K)
 Metaspace       used 123195K, committed 125440K, reserved 1179648K
  class space    used 17048K, committed 18112K, reserved 1048576K
}
Event: 12.102 GC heap after
{Heap after GC invocations=50 (full 0):
 garbage-first heap   total 196608K, used 132771K [0x0000000080000000, 0x0000000100000000)
  region size 1024K, 7 young (7168K), 7 survivors (7168K)
 Metaspace       used 123195K, committed 125440K, reserved 1179648K
  class space    used 17048K, committed 18112K, reserved 1048576K
}
Event: 12.211 GC heap before
{Heap before GC invocations=51 (full 0):
 garbage-first heap   total 222208K, used 176803K [0x0000000080000000, 0x0000000100000000)
  region size 1024K, 50 young (51200K), 7 survivors (7168K)
 Metaspace       used 123209K, committed 125440K, reserved 1179648K
  class space    used 17051K, committed 18112K, reserved 1048576K
}
Event: 12.215 GC heap after
{Heap after GC invocations=52 (full 0):
 garbage-first heap   total 222208K, used 134368K [0x0000000080000000, 0x0000000100000000)
  region size 1024K, 4 young (4096K), 4 survivors (4096K)
 Metaspace       used 123209K, committed 125440K, reserved 1179648K
  class space    used 17051K, committed 18112K, reserved 1048576K
}
Event: 12.440 GC heap before
{Heap before GC invocations=52 (full 0):
 garbage-first heap   total 222208K, used 199904K [0x0000000080000000, 0x0000000100000000)
  region size 1024K, 69 young (70656K), 4 survivors (4096K)
 Metaspace       used 123735K, committed 125952K, reserved 1179648K
  class space    used 17156K, committed 18240K, reserved 1048576K
}
Event: 12.444 GC heap after
{Heap after GC invocations=53 (full 0):
 garbage-first heap   total 222208K, used 136240K [0x0000000080000000, 0x0000000100000000)
  region size 1024K, 7 young (7168K), 7 survivors (7168K)
 Metaspace       used 123735K, committed 125952K, reserved 1179648K
  class space    used 17156K, committed 18240K, reserved 1048576K
}
Event: 12.570 GC heap before
{Heap before GC invocations=53 (full 0):
 garbage-first heap   total 222208K, used 200752K [0x0000000080000000, 0x0000000100000000)
  region size 1024K, 71 young (72704K), 7 survivors (7168K)
 Metaspace       used 123795K, committed 126016K, reserved 1179648K
  class space    used 17157K, committed 18240K, reserved 1048576K
}

